<?xml version="1.0" encoding="UTF-8" ?>
<testsuite failures="0" time="0.049" errors="0" skipped="0" tests="3" name="org.smlite.test.TestVendorEntityTest">
  <properties>
    <property name="java.vendor" value="Sun Microsystems Inc."/>
    <property name="localRepository" value="C:/MEMS/m2_repo"/>
    <property name="env.DEFLOGDIR" value="C:\ProgramData\McAfee\DesktopProtection"/>
    <property name="env.ORACLE_HOME" value="C:\product"/>
    <property name="sun.java.launcher" value="SUN_STANDARD"/>
    <property name="sun.management.compiler" value="HotSpot Client Compiler"/>
    <property name="env.PROMPT" value="$P$G"/>
    <property name="os.name" value="Windows 7"/>
    <property name="env.FP_NO_HOST_CHECK" value="NO"/>
    <property name="sun.boot.class.path" value="C:\Users\semishra\AppData\Local\Surf\Common\binary\com.sun.java.jdk.win32.x86_1.6.0.020\jre\lib\resources.jar;C:\Users\semishra\AppData\Local\Surf\Common\binary\com.sun.java.jdk.win32.x86_1.6.0.020\jre\lib\rt.jar;C:\Users\semishra\AppData\Local\Surf\Common\binary\com.sun.java.jdk.win32.x86_1.6.0.020\jre\lib\sunrsasign.jar;C:\Users\semishra\AppData\Local\Surf\Common\binary\com.sun.java.jdk.win32.x86_1.6.0.020\jre\lib\jsse.jar;C:\Users\semishra\AppData\Local\Surf\Common\binary\com.sun.java.jdk.win32.x86_1.6.0.020\jre\lib\jce.jar;C:\Users\semishra\AppData\Local\Surf\Common\binary\com.sun.java.jdk.win32.x86_1.6.0.020\jre\lib\charsets.jar;C:\Users\semishra\AppData\Local\Surf\Common\binary\com.sun.java.jdk.win32.x86_1.6.0.020\jre\classes"/>
    <property name="env.COMPUTERNAME" value="SEMISHRA-WS"/>
    <property name="env.CommonProgramW6432" value="C:\Program Files\Common Files"/>
    <property name="env.ALLUSERSPROFILE" value="C:\ProgramData"/>
    <property name="sun.desktop" value="windows"/>
    <property name="java.vm.specification.vendor" value="Sun Microsystems Inc."/>
    <property name="java.runtime.version" value="1.6.0_20-b02"/>
    <property name="env.HOMEPATH" value="\Users\semishra"/>
    <property name="user.name" value="semishra"/>
    <property name="env.QTJAVA" value="C:\Program Files (x86)\QuickTime\QTSystem\QTJava.zip"/>
    <property name="user.language" value="en"/>
    <property name="env.windows_tracing_flags" value="3"/>
    <property name="sun.boot.library.path" value="C:\Users\semishra\AppData\Local\Surf\Common\binary\com.sun.java.jdk.win32.x86_1.6.0.020\jre\bin"/>
    <property name="classworlds.conf" value="C:\Users\semishra\Workspaces\nmtg_platform_comp\.metadata\.plugins\org.maven.ide.eclipse\launches\m2conf2634975879128582548.tmp"/>
    <property name="env.m2_home" value="C:\Program Files (x86)\apache-maven-2.2.1"/>
    <property name="java.version" value="1.6.0_20"/>
    <property name="env.PROCESSOR_IDENTIFIER" value="Intel64 Family 6 Model 42 Stepping 7, GenuineIntel"/>
    <property name="user.timezone" value=""/>
    <property name="env.TEMP" value="C:\Users\semishra\AppData\Local\Temp"/>
    <property name="sun.arch.data.model" value="32"/>
    <property name="env.SSH_AGENT_PID" value="6924"/>
    <property name="java.endorsed.dirs" value="C:\Users\semishra\AppData\Local\Surf\Common\binary\com.sun.java.jdk.win32.x86_1.6.0.020\jre\lib\endorsed"/>
    <property name="env.PROCESSOR_ARCHITEW6432" value="AMD64"/>
    <property name="env.VSEDEFLOGDIR" value="C:\ProgramData\McAfee\DesktopProtection"/>
    <property name="sun.cpu.isalist" value="pentium_pro+mmx pentium_pro pentium+mmx pentium i486 i386 i86"/>
    <property name="env.HOMEDRIVE" value="C:"/>
    <property name="sun.jnu.encoding" value="Cp1252"/>
    <property name="file.encoding.pkg" value="sun.io"/>
    <property name="file.separator" value="\"/>
    <property name="java.specification.name" value="Java Platform API Specification"/>
    <property name="java.class.version" value="50.0"/>
    <property name="user.country" value="US"/>
    <property name="java.home" value="C:\Users\semishra\AppData\Local\Surf\Common\binary\com.sun.java.jdk.win32.x86_1.6.0.020\jre"/>
    <property name="env.PSModulePath" value="C:\Windows\system32\WindowsPowerShell\v1.0\Modules\"/>
    <property name="env.APPDATA" value="C:\Users\semishra\AppData\Roaming"/>
    <property name="env.PUBLIC" value="C:\Users\Public"/>
    <property name="env.windows_tracing_logfile" value="C:\BVTBin\Tests\installpackage\csilogfile.log"/>
    <property name="java.vm.info" value="mixed mode"/>
    <property name="env.CATALINA_HOME" value="C:\apache-tomcat-6.0.33"/>
    <property name="env.ComSpec" value="C:\Windows\system32\cmd.exe"/>
    <property name="env.OS" value="Windows_NT"/>
    <property name="env.CommonProgramFiles" value="C:\Program Files (x86)\Common Files"/>
    <property name="os.version" value="6.1"/>
    <property name="env.ProgramW6432" value="C:\Program Files"/>
    <property name="path.separator" value=";"/>
    <property name="java.vm.version" value="16.3-b01"/>
    <property name="env.USERPROFILE" value="C:\Users\semishra"/>
    <property name="user.variant" value=""/>
    <property name="env.JAVA_HOME" value="C:\Program Files (x86)\Java\jdk1.6.0_02"/>
    <property name="java.awt.printerjob" value="sun.awt.windows.WPrinterJob"/>
    <property name="env.TMP" value="C:\Users\semishra\AppData\Local\Temp"/>
    <property name="sun.io.unicode.encoding" value="UnicodeLittle"/>
    <property name="awt.toolkit" value="sun.awt.windows.WToolkit"/>
    <property name="user.home" value="C:\Users\semishra"/>
    <property name="env.ProgramData" value="C:\ProgramData"/>
    <property name="env.SESSIONNAME" value="Console"/>
    <property name="env.ProgramFiles(x86)" value="C:\Program Files (x86)"/>
    <property name="java.specification.vendor" value="Sun Microsystems Inc."/>
    <property name="env.CLASSPATH" value=".;C:\Program Files (x86)\QuickTime\QTSystem\QTJava.zipC:\Program Files (x86)\Java\jre1.6.0_02\lib;C:\product\jdbc\lib\ojdbc14.jar;"/>
    <property name="env.NUMBER_OF_PROCESSORS" value="4"/>
    <property name="java.library.path" value="C:\Users\semishra\AppData\Local\Surf\Common\binary\com.sun.java.jdk.win32.x86_1.6.0.020\bin;.;C:\Windows\Sun\Java\bin;C:\Windows\system32;C:\Windows;C:/Users/semishra/AppData/Local/Surf/Common/binary/com.sun.java.jdk.win32.x86_1.6.0.020/jre/bin/client;C:/Users/semishra/AppData/Local/Surf/Common/binary/com.sun.java.jdk.win32.x86_1.6.0.020/jre/bin;C:\product\bin;C:\Program Files (x86)\Oracle\jre\1.3.1\bin;C:\Program Files (x86)\Oracle\jre\1.1.8\bin;C:\product\bin;C:\Windows\system32;C:\Windows;C:\Windows\System32\Wbem;C:\Windows\System32\WindowsPowerShell\v1.0\;C:\Program Files (x86)\QuickTime\QTSystem\;C:\Program Files\CREDANT\Shield v7.1\"/>
    <property name="java.vendor.url" value="http://java.sun.com/"/>
    <property name="env.cisco.life" value="dev"/>
    <property name="env.USERDNSDOMAIN" value="CISCO.COM"/>
    <property name="java.vm.vendor" value="Sun Microsystems Inc."/>
    <property name="java.runtime.name" value="Java(TM) SE Runtime Environment"/>
    <property name="maven.home" value="EMBEDDED"/>
    <property name="java.class.path" value="/C:/Users/semishra/AppData/Local/Surf/Common/plugins/org.maven.ide.components.maven_embedder_2.1.0.20080530-2300/jars/plexus-classworlds-1.2-alpha-12.jar"/>
    <property name="java.vm.specification.name" value="Java Virtual Machine Specification"/>
    <property name="env.windir" value="C:\Windows"/>
    <property name="env.LOGONSERVER" value="\\ADC-BLR2-C1-3-W"/>
    <property name="java.vm.specification.version" value="1.0"/>
    <property name="env.PROCESSOR_ARCHITECTURE" value="x86"/>
    <property name="m2eclipse.workspace.state" value="C:\Users\semishra\Workspaces\nmtg_platform_comp\.metadata\.plugins\org.maven.ide.eclipse\workspacestate.properties"/>
    <property name="sun.os.patch.level" value="Service Pack 1"/>
    <property name="sun.cpu.endian" value="little"/>
    <property name="env.ProgramFiles" value="C:\Program Files (x86)"/>
    <property name="surefire.test.class.path" value="C:\Users\semishra\Workspaces\nmtg_platform_comp\smlite-vendor-webapp\target\test-classes;C:\Users\semishra\Workspaces\nmtg_platform_comp\smlite-vendor-webapp\target\classes;C:\MEMS\m2_repo\javax\servlet\servlet-api\2.4\servlet-api-2.4.jar;C:\MEMS\m2_repo\org\sakaiproject\entitybus\entitybus-api\1.0.8\entitybus-api-1.0.8.jar;C:\MEMS\m2_repo\org\sakaiproject\entitybus\entitybus-impl\1.0.8\entitybus-impl-1.0.8.jar;C:\MEMS\m2_repo\org\sakaiproject\entitybus\entitybus-utils\1.0.8\entitybus-utils-1.0.8.jar;C:\MEMS\m2_repo\org\azeckoski\reflectutils\0.9.11\reflectutils-0.9.11.jar;C:\MEMS\m2_repo\org\sakaiproject\entitybus\entitybus-rest\1.0.8\entitybus-rest-1.0.8.jar;C:\MEMS\m2_repo\commons-httpclient\commons-httpclient\3.1\commons-httpclient-3.1.jar;C:\MEMS\m2_repo\commons-logging\commons-logging\1.1.1\commons-logging-1.1.1.jar;C:\MEMS\m2_repo\commons-codec\commons-codec\1.2\commons-codec-1.2.jar;C:\MEMS\m2_repo\junit\junit\3.8.2\junit-3.8.2.jar;C:\MEMS\m2_repo\mysql\mysql-connector-java\5.1.22\mysql-connector-java-5.1.22.jar;"/>
    <property name="java.io.tmpdir" value="C:\Users\semishra\AppData\Local\Temp\"/>
    <property name="env.PROCESSOR_REVISION" value="2a07"/>
    <property name="env.WF_RESOURCES" value="C:\product\WF\RES\WFus.RES"/>
    <property name="env.CommonProgramFiles(x86)" value="C:\Program Files (x86)\Common Files"/>
    <property name="java.vendor.url.bug" value="http://java.sun.com/cgi-bin/bugreport.cgi"/>
    <property name="env.SSH_AUTH_SOCK" value="/tmp/ssh-dOTZsT1860/agent.1860"/>
    <property name="env.SystemRoot" value="C:\Windows"/>
    <property name="java.awt.graphicsenv" value="sun.awt.Win32GraphicsEnvironment"/>
    <property name="os.arch" value="x86"/>
    <property name="java.ext.dirs" value="C:\Users\semishra\AppData\Local\Surf\Common\binary\com.sun.java.jdk.win32.x86_1.6.0.020\jre\lib\ext;C:\Windows\Sun\Java\lib\ext"/>
    <property name="user.dir" value="C:\Users\semishra\Workspaces\nmtg_platform_comp\smlite-vendor-webapp"/>
    <property name="env.LOCALAPPDATA" value="C:\Users\semishra\AppData\Local"/>
    <property name="line.separator" value="
"/>
    <property name="java.vm.name" value="Java HotSpot(TM) Client VM"/>
    <property name="env.PATHEXT" value=".COM;.EXE;.BAT;.CMD;.VBS;.VBE;.JS;.JSE;.WSF;.WSH;.MSC"/>
    <property name="env.Path" value="C:/Users/semishra/AppData/Local/Surf/Common/binary/com.sun.java.jdk.win32.x86_1.6.0.020/jre/bin/client;C:/Users/semishra/AppData/Local/Surf/Common/binary/com.sun.java.jdk.win32.x86_1.6.0.020/jre/bin;C:\product\bin;C:\Program Files (x86)\Oracle\jre\1.3.1\bin;C:\Program Files (x86)\Oracle\jre\1.1.8\bin;C:\product\bin;C:\Windows\system32;C:\Windows;C:\Windows\System32\Wbem;C:\Windows\System32\WindowsPowerShell\v1.0\;C:\Program Files (x86)\QuickTime\QTSystem\;C:\Program Files\CREDANT\Shield v7.1\"/>
    <property name="basedir" value="C:\Users\semishra\Workspaces\nmtg_platform_comp\smlite-vendor-webapp"/>
    <property name="maven.mode.standalone" value="true"/>
    <property name="env.USERNAME" value="semishra"/>
    <property name="env.SystemDrive" value="C:"/>
    <property name="file.encoding" value="Cp1252"/>
    <property name="env.USERDOMAIN" value="CISCO"/>
    <property name="java.specification.version" value="1.6"/>
    <property name="env.PROCESSOR_LEVEL" value="6"/>
  </properties>
  <testcase time="0.023" classname="org.smlite.test.TestVendorEntityTest" name="testTestSetName"/>
  <testcase time="0" classname="org.smlite.test.TestVendorEntityTest" name="testTestSetPoDetails"/>
  <testcase time="0" classname="org.smlite.test.TestVendorEntityTest" name="testTestCopyTo"/>
</testsuite>